{"numTotalTestSuites":9,"numPassedTestSuites":9,"numFailedTestSuites":0,"numPendingTestSuites":0,"numTotalTests":15,"numPassedTests":15,"numFailedTests":0,"numPendingTests":0,"numTodoTests":0,"snapshot":{"added":0,"failure":false,"filesAdded":0,"filesRemoved":0,"filesRemovedList":[],"filesUnmatched":0,"filesUpdated":0,"matched":0,"total":0,"unchecked":0,"uncheckedKeysByFile":[],"unmatched":0,"updated":0,"didUpdate":false},"startTime":1764843811775,"success":true,"testResults":[{"assertionResults":[{"ancestorTitles":["这里填写作用域名称"],"fullName":"这里填写作用域名称 测试基础数据类型","status":"passed","title":"测试基础数据类型","duration":0.555667000000085,"failureMessages":[],"meta":{}},{"ancestorTitles":["这里填写作用域名称"],"fullName":"这里填写作用域名称 测试引用类型","status":"passed","title":"测试引用类型","duration":0.40125000000011823,"failureMessages":[],"meta":{}}],"startTime":1764843812876,"endTime":1764843812876.5557,"status":"passed","message":"","name":"/Users/caisheng/v3-admin-vite-main/tests/demo.test.ts"},{"assertionResults":[{"ancestorTitles":["notify"],"fullName":"notify 正常渲染","status":"passed","title":"正常渲染","duration":7.437000000000353,"failureMessages":[],"meta":{}},{"ancestorTitles":["list"],"fullName":"list list 长度为 0","status":"passed","title":"list 长度为 0","duration":1.6017500000002656,"failureMessages":[],"meta":{}},{"ancestorTitles":["list"],"fullName":"list list 长度不为 0","status":"passed","title":"list 长度不为 0","duration":2.021082999999635,"failureMessages":[],"meta":{}}],"startTime":1764843814308,"endTime":1764843814319.021,"status":"passed","message":"","name":"/Users/caisheng/v3-admin-vite-main/tests/components/Notify.test.ts"},{"assertionResults":[{"ancestorTitles":["sum-all"],"fullName":"sum-all sum","status":"passed","title":"sum","duration":0.5405000000000655,"failureMessages":[],"meta":{}}],"startTime":1764843812881,"endTime":1764843812881.5405,"status":"passed","message":"","name":"/Users/caisheng/v3-admin-vite-main/tests/utils/sum.test.ts"},{"assertionResults":[{"ancestorTitles":["isArray"],"fullName":"isArray string","status":"passed","title":"string","duration":0.6556250000001,"failureMessages":[],"meta":{}},{"ancestorTitles":["isArray"],"fullName":"isArray number","status":"passed","title":"number","duration":0.12412500000004911,"failureMessages":[],"meta":{}},{"ancestorTitles":["isArray"],"fullName":"isArray boolean","status":"passed","title":"boolean","duration":0.055458000000044194,"failureMessages":[],"meta":{}},{"ancestorTitles":["isArray"],"fullName":"isArray null","status":"passed","title":"null","duration":0.10275000000001455,"failureMessages":[],"meta":{}},{"ancestorTitles":["isArray"],"fullName":"isArray undefined","status":"passed","title":"undefined","duration":0.04774999999995089,"failureMessages":[],"meta":{}},{"ancestorTitles":["isArray"],"fullName":"isArray symbol","status":"passed","title":"symbol","duration":0.05079100000011749,"failureMessages":[],"meta":{}},{"ancestorTitles":["isArray"],"fullName":"isArray bigInt","status":"passed","title":"bigInt","duration":0.03820799999994051,"failureMessages":[],"meta":{}},{"ancestorTitles":["isArray"],"fullName":"isArray object","status":"passed","title":"object","duration":0.029917000000068583,"failureMessages":[],"meta":{}},{"ancestorTitles":["isArray"],"fullName":"isArray array object","status":"passed","title":"array object","duration":0.22974999999996726,"failureMessages":[],"meta":{}}],"startTime":1764843812894,"endTime":1764843812895.2297,"status":"passed","message":"","name":"/Users/caisheng/v3-admin-vite-main/tests/utils/validate.test.ts"}]}